<?xml version="1.0" encoding="UTF-8"?>
<testsuite xmlns:xsi="http://www.w3.org/2001/XMLSchema-instance" xsi:noNamespaceSchemaLocation="https://maven.apache.org/surefire/maven-surefire-plugin/xsd/surefire-test-report-3.0.xsd" version="3.0" name="TestSuite" time="88.565" tests="60" errors="0" skipped="0" failures="0">
  <properties>
    <property name="java.specification.version" value="19"/>
    <property name="sun.cpu.isalist" value="amd64"/>
    <property name="sun.jnu.encoding" value="Cp1252"/>
    <property name="java.class.path" value="C:\Users\hchauhan25\eclipse-workspace\RestAssuredFramework\target\test-classes;C:\Users\hchauhan25\eclipse-workspace\RestAssuredFramework\target\classes;C:\Users\hchauhan25\.m2\repository\io\rest-assured\rest-assured\5.1.1\rest-assured-5.1.1.jar;C:\Users\hchauhan25\.m2\repository\org\apache\groovy\groovy\4.0.1\groovy-4.0.1.jar;C:\Users\hchauhan25\.m2\repository\org\apache\groovy\groovy-xml\4.0.1\groovy-xml-4.0.1.jar;C:\Users\hchauhan25\.m2\repository\org\apache\httpcomponents\httpclient\4.5.13\httpclient-4.5.13.jar;C:\Users\hchauhan25\.m2\repository\org\apache\httpcomponents\httpcore\4.4.13\httpcore-4.4.13.jar;C:\Users\hchauhan25\.m2\repository\commons-logging\commons-logging\1.2\commons-logging-1.2.jar;C:\Users\hchauhan25\.m2\repository\org\apache\httpcomponents\httpmime\4.5.13\httpmime-4.5.13.jar;C:\Users\hchauhan25\.m2\repository\org\hamcrest\hamcrest\2.1\hamcrest-2.1.jar;C:\Users\hchauhan25\.m2\repository\org\ccil\cowan\tagsoup\tagsoup\1.2.1\tagsoup-1.2.1.jar;C:\Users\hchauhan25\.m2\repository\io\rest-assured\xml-path\5.1.1\xml-path-5.1.1.jar;C:\Users\hchauhan25\.m2\repository\io\rest-assured\json-path\5.1.1\json-path-5.1.1.jar;C:\Users\hchauhan25\.m2\repository\org\apache\groovy\groovy-json\4.0.1\groovy-json-4.0.1.jar;C:\Users\hchauhan25\.m2\repository\io\rest-assured\rest-assured-common\5.1.1\rest-assured-common-5.1.1.jar;C:\Users\hchauhan25\.m2\repository\org\json\json\20220320\json-20220320.jar;C:\Users\hchauhan25\.m2\repository\com\google\code\gson\gson\2.8.5\gson-2.8.5.jar;C:\Users\hchauhan25\.m2\repository\org\testng\testng\7.6.1\testng-7.6.1.jar;C:\Users\hchauhan25\.m2\repository\com\google\code\findbugs\jsr305\3.0.2\jsr305-3.0.2.jar;C:\Users\hchauhan25\.m2\repository\org\slf4j\slf4j-api\1.7.36\slf4j-api-1.7.36.jar;C:\Users\hchauhan25\.m2\repository\com\beust\jcommander\1.82\jcommander-1.82.jar;C:\Users\hchauhan25\.m2\repository\org\webjars\jquery\3.6.0\jquery-3.6.0.jar;C:\Users\hchauhan25\.m2\repository\com\github\scribejava\scribejava-apis\8.3.1\scribejava-apis-8.3.1.jar;C:\Users\hchauhan25\.m2\repository\com\github\scribejava\scribejava-core\8.3.1\scribejava-core-8.3.1.jar;C:\Users\hchauhan25\.m2\repository\com\github\scribejava\scribejava-java8\8.3.1\scribejava-java8-8.3.1.jar;C:\Users\hchauhan25\.m2\repository\com\fasterxml\jackson\core\jackson-databind\2.12.3\jackson-databind-2.12.3.jar;C:\Users\hchauhan25\.m2\repository\com\fasterxml\jackson\core\jackson-annotations\2.12.3\jackson-annotations-2.12.3.jar;C:\Users\hchauhan25\.m2\repository\com\fasterxml\jackson\core\jackson-core\2.12.3\jackson-core-2.12.3.jar;C:\Users\hchauhan25\.m2\repository\io\rest-assured\json-schema-validator\5.1.1\json-schema-validator-5.1.1.jar;C:\Users\hchauhan25\.m2\repository\com\github\java-json-tools\json-schema-validator\2.2.14\json-schema-validator-2.2.14.jar;C:\Users\hchauhan25\.m2\repository\com\google\guava\guava\28.2-android\guava-28.2-android.jar;C:\Users\hchauhan25\.m2\repository\com\google\guava\failureaccess\1.0.1\failureaccess-1.0.1.jar;C:\Users\hchauhan25\.m2\repository\com\google\guava\listenablefuture\9999.0-empty-to-avoid-conflict-with-guava\listenablefuture-9999.0-empty-to-avoid-conflict-with-guava.jar;C:\Users\hchauhan25\.m2\repository\org\checkerframework\checker-compat-qual\2.5.5\checker-compat-qual-2.5.5.jar;C:\Users\hchauhan25\.m2\repository\com\google\errorprone\error_prone_annotations\2.3.4\error_prone_annotations-2.3.4.jar;C:\Users\hchauhan25\.m2\repository\com\google\j2objc\j2objc-annotations\1.3\j2objc-annotations-1.3.jar;C:\Users\hchauhan25\.m2\repository\com\github\java-json-tools\jackson-coreutils-equivalence\1.0\jackson-coreutils-equivalence-1.0.jar;C:\Users\hchauhan25\.m2\repository\com\github\java-json-tools\jackson-coreutils\2.0\jackson-coreutils-2.0.jar;C:\Users\hchauhan25\.m2\repository\com\github\java-json-tools\msg-simple\1.2\msg-simple-1.2.jar;C:\Users\hchauhan25\.m2\repository\com\github\java-json-tools\btf\1.3\btf-1.3.jar;C:\Users\hchauhan25\.m2\repository\com\github\java-json-tools\json-schema-core\1.2.14\json-schema-core-1.2.14.jar;C:\Users\hchauhan25\.m2\repository\com\github\java-json-tools\uri-template\0.10\uri-template-0.10.jar;C:\Users\hchauhan25\.m2\repository\org\mozilla\rhino\1.7.7.2\rhino-1.7.7.2.jar;C:\Users\hchauhan25\.m2\repository\com\sun\mail\mailapi\1.6.2\mailapi-1.6.2.jar;C:\Users\hchauhan25\.m2\repository\joda-time\joda-time\2.10.5\joda-time-2.10.5.jar;C:\Users\hchauhan25\.m2\repository\com\googlecode\libphonenumber\libphonenumber\8.11.1\libphonenumber-8.11.1.jar;C:\Users\hchauhan25\.m2\repository\net\sf\jopt-simple\jopt-simple\5.0.4\jopt-simple-5.0.4.jar;C:\Users\hchauhan25\.m2\repository\com\github\javafaker\javafaker\1.0.2\javafaker-1.0.2.jar;C:\Users\hchauhan25\.m2\repository\org\apache\commons\commons-lang3\3.5\commons-lang3-3.5.jar;C:\Users\hchauhan25\.m2\repository\org\yaml\snakeyaml\1.23\snakeyaml-1.23-android.jar;C:\Users\hchauhan25\.m2\repository\com\github\mifmif\generex\1.0.2\generex-1.0.2.jar;C:\Users\hchauhan25\.m2\repository\dk\brics\automaton\automaton\1.11-8\automaton-1.11-8.jar;C:\Users\hchauhan25\.m2\repository\com\aventstack\extentreports\5.0.9\extentreports-5.0.9.jar;C:\Users\hchauhan25\.m2\repository\io\reactivex\rxjava3\rxjava\3.0.4\rxjava-3.0.4.jar;C:\Users\hchauhan25\.m2\repository\org\reactivestreams\reactive-streams\1.0.3\reactive-streams-1.0.3.jar;C:\Users\hchauhan25\.m2\repository\org\freemarker\freemarker\2.3.30\freemarker-2.3.30.jar;C:\Users\hchauhan25\.m2\repository\org\projectlombok\lombok\1.18.12\lombok-1.18.12.jar;C:\Users\hchauhan25\.m2\repository\org\apache\poi\poi\5.2.2\poi-5.2.2.jar;C:\Users\hchauhan25\.m2\repository\commons-codec\commons-codec\1.15\commons-codec-1.15.jar;C:\Users\hchauhan25\.m2\repository\org\apache\commons\commons-collections4\4.4\commons-collections4-4.4.jar;C:\Users\hchauhan25\.m2\repository\org\apache\commons\commons-math3\3.6.1\commons-math3-3.6.1.jar;C:\Users\hchauhan25\.m2\repository\commons-io\commons-io\2.11.0\commons-io-2.11.0.jar;C:\Users\hchauhan25\.m2\repository\com\zaxxer\SparseBitSet\1.2\SparseBitSet-1.2.jar;C:\Users\hchauhan25\.m2\repository\org\apache\poi\poi-ooxml\5.2.2\poi-ooxml-5.2.2.jar;C:\Users\hchauhan25\.m2\repository\org\apache\poi\poi-ooxml-lite\5.2.2\poi-ooxml-lite-5.2.2.jar;C:\Users\hchauhan25\.m2\repository\org\apache\xmlbeans\xmlbeans\5.0.3\xmlbeans-5.0.3.jar;C:\Users\hchauhan25\.m2\repository\org\apache\commons\commons-compress\1.21\commons-compress-1.21.jar;C:\Users\hchauhan25\.m2\repository\com\github\virtuald\curvesapi\1.07\curvesapi-1.07.jar;C:\Users\hchauhan25\.m2\repository\org\apache\logging\log4j\log4j-api\2.20.0\log4j-api-2.20.0.jar;C:\Users\hchauhan25\.m2\repository\org\apache\logging\log4j\log4j-core\2.20.0\log4j-core-2.20.0.jar;"/>
    <property name="java.vm.vendor" value="Oracle Corporation"/>
    <property name="sun.arch.data.model" value="64"/>
    <property name="user.variant" value=""/>
    <property name="java.vendor.url" value="https://java.oracle.com/"/>
    <property name="user.timezone" value="Asia/Calcutta"/>
    <property name="os.name" value="Windows 10"/>
    <property name="java.vm.specification.version" value="19"/>
    <property name="sun.java.launcher" value="SUN_STANDARD"/>
    <property name="user.country" value="IN"/>
    <property name="sun.boot.library.path" value="C:\Program Files\Java\jdk-19\bin"/>
    <property name="sun.java.command" value="C:\Users\hchauhan25\AppData\Local\Temp\surefire16329393023128258723\surefirebooter-20231017191132864_3.jar C:\Users\hchauhan25\AppData\Local\Temp\surefire16329393023128258723 2023-10-17T19-11-32_754-jvmRun1 surefire-20231017191132864_1tmp surefire_0-20231017191132864_2tmp"/>
    <property name="jdk.debug" value="release"/>
    <property name="surefire.test.class.path" value="C:\Users\hchauhan25\eclipse-workspace\RestAssuredFramework\target\test-classes;C:\Users\hchauhan25\eclipse-workspace\RestAssuredFramework\target\classes;C:\Users\hchauhan25\.m2\repository\io\rest-assured\rest-assured\5.1.1\rest-assured-5.1.1.jar;C:\Users\hchauhan25\.m2\repository\org\apache\groovy\groovy\4.0.1\groovy-4.0.1.jar;C:\Users\hchauhan25\.m2\repository\org\apache\groovy\groovy-xml\4.0.1\groovy-xml-4.0.1.jar;C:\Users\hchauhan25\.m2\repository\org\apache\httpcomponents\httpclient\4.5.13\httpclient-4.5.13.jar;C:\Users\hchauhan25\.m2\repository\org\apache\httpcomponents\httpcore\4.4.13\httpcore-4.4.13.jar;C:\Users\hchauhan25\.m2\repository\commons-logging\commons-logging\1.2\commons-logging-1.2.jar;C:\Users\hchauhan25\.m2\repository\org\apache\httpcomponents\httpmime\4.5.13\httpmime-4.5.13.jar;C:\Users\hchauhan25\.m2\repository\org\hamcrest\hamcrest\2.1\hamcrest-2.1.jar;C:\Users\hchauhan25\.m2\repository\org\ccil\cowan\tagsoup\tagsoup\1.2.1\tagsoup-1.2.1.jar;C:\Users\hchauhan25\.m2\repository\io\rest-assured\xml-path\5.1.1\xml-path-5.1.1.jar;C:\Users\hchauhan25\.m2\repository\io\rest-assured\json-path\5.1.1\json-path-5.1.1.jar;C:\Users\hchauhan25\.m2\repository\org\apache\groovy\groovy-json\4.0.1\groovy-json-4.0.1.jar;C:\Users\hchauhan25\.m2\repository\io\rest-assured\rest-assured-common\5.1.1\rest-assured-common-5.1.1.jar;C:\Users\hchauhan25\.m2\repository\org\json\json\20220320\json-20220320.jar;C:\Users\hchauhan25\.m2\repository\com\google\code\gson\gson\2.8.5\gson-2.8.5.jar;C:\Users\hchauhan25\.m2\repository\org\testng\testng\7.6.1\testng-7.6.1.jar;C:\Users\hchauhan25\.m2\repository\com\google\code\findbugs\jsr305\3.0.2\jsr305-3.0.2.jar;C:\Users\hchauhan25\.m2\repository\org\slf4j\slf4j-api\1.7.36\slf4j-api-1.7.36.jar;C:\Users\hchauhan25\.m2\repository\com\beust\jcommander\1.82\jcommander-1.82.jar;C:\Users\hchauhan25\.m2\repository\org\webjars\jquery\3.6.0\jquery-3.6.0.jar;C:\Users\hchauhan25\.m2\repository\com\github\scribejava\scribejava-apis\8.3.1\scribejava-apis-8.3.1.jar;C:\Users\hchauhan25\.m2\repository\com\github\scribejava\scribejava-core\8.3.1\scribejava-core-8.3.1.jar;C:\Users\hchauhan25\.m2\repository\com\github\scribejava\scribejava-java8\8.3.1\scribejava-java8-8.3.1.jar;C:\Users\hchauhan25\.m2\repository\com\fasterxml\jackson\core\jackson-databind\2.12.3\jackson-databind-2.12.3.jar;C:\Users\hchauhan25\.m2\repository\com\fasterxml\jackson\core\jackson-annotations\2.12.3\jackson-annotations-2.12.3.jar;C:\Users\hchauhan25\.m2\repository\com\fasterxml\jackson\core\jackson-core\2.12.3\jackson-core-2.12.3.jar;C:\Users\hchauhan25\.m2\repository\io\rest-assured\json-schema-validator\5.1.1\json-schema-validator-5.1.1.jar;C:\Users\hchauhan25\.m2\repository\com\github\java-json-tools\json-schema-validator\2.2.14\json-schema-validator-2.2.14.jar;C:\Users\hchauhan25\.m2\repository\com\google\guava\guava\28.2-android\guava-28.2-android.jar;C:\Users\hchauhan25\.m2\repository\com\google\guava\failureaccess\1.0.1\failureaccess-1.0.1.jar;C:\Users\hchauhan25\.m2\repository\com\google\guava\listenablefuture\9999.0-empty-to-avoid-conflict-with-guava\listenablefuture-9999.0-empty-to-avoid-conflict-with-guava.jar;C:\Users\hchauhan25\.m2\repository\org\checkerframework\checker-compat-qual\2.5.5\checker-compat-qual-2.5.5.jar;C:\Users\hchauhan25\.m2\repository\com\google\errorprone\error_prone_annotations\2.3.4\error_prone_annotations-2.3.4.jar;C:\Users\hchauhan25\.m2\repository\com\google\j2objc\j2objc-annotations\1.3\j2objc-annotations-1.3.jar;C:\Users\hchauhan25\.m2\repository\com\github\java-json-tools\jackson-coreutils-equivalence\1.0\jackson-coreutils-equivalence-1.0.jar;C:\Users\hchauhan25\.m2\repository\com\github\java-json-tools\jackson-coreutils\2.0\jackson-coreutils-2.0.jar;C:\Users\hchauhan25\.m2\repository\com\github\java-json-tools\msg-simple\1.2\msg-simple-1.2.jar;C:\Users\hchauhan25\.m2\repository\com\github\java-json-tools\btf\1.3\btf-1.3.jar;C:\Users\hchauhan25\.m2\repository\com\github\java-json-tools\json-schema-core\1.2.14\json-schema-core-1.2.14.jar;C:\Users\hchauhan25\.m2\repository\com\github\java-json-tools\uri-template\0.10\uri-template-0.10.jar;C:\Users\hchauhan25\.m2\repository\org\mozilla\rhino\1.7.7.2\rhino-1.7.7.2.jar;C:\Users\hchauhan25\.m2\repository\com\sun\mail\mailapi\1.6.2\mailapi-1.6.2.jar;C:\Users\hchauhan25\.m2\repository\joda-time\joda-time\2.10.5\joda-time-2.10.5.jar;C:\Users\hchauhan25\.m2\repository\com\googlecode\libphonenumber\libphonenumber\8.11.1\libphonenumber-8.11.1.jar;C:\Users\hchauhan25\.m2\repository\net\sf\jopt-simple\jopt-simple\5.0.4\jopt-simple-5.0.4.jar;C:\Users\hchauhan25\.m2\repository\com\github\javafaker\javafaker\1.0.2\javafaker-1.0.2.jar;C:\Users\hchauhan25\.m2\repository\org\apache\commons\commons-lang3\3.5\commons-lang3-3.5.jar;C:\Users\hchauhan25\.m2\repository\org\yaml\snakeyaml\1.23\snakeyaml-1.23-android.jar;C:\Users\hchauhan25\.m2\repository\com\github\mifmif\generex\1.0.2\generex-1.0.2.jar;C:\Users\hchauhan25\.m2\repository\dk\brics\automaton\automaton\1.11-8\automaton-1.11-8.jar;C:\Users\hchauhan25\.m2\repository\com\aventstack\extentreports\5.0.9\extentreports-5.0.9.jar;C:\Users\hchauhan25\.m2\repository\io\reactivex\rxjava3\rxjava\3.0.4\rxjava-3.0.4.jar;C:\Users\hchauhan25\.m2\repository\org\reactivestreams\reactive-streams\1.0.3\reactive-streams-1.0.3.jar;C:\Users\hchauhan25\.m2\repository\org\freemarker\freemarker\2.3.30\freemarker-2.3.30.jar;C:\Users\hchauhan25\.m2\repository\org\projectlombok\lombok\1.18.12\lombok-1.18.12.jar;C:\Users\hchauhan25\.m2\repository\org\apache\poi\poi\5.2.2\poi-5.2.2.jar;C:\Users\hchauhan25\.m2\repository\commons-codec\commons-codec\1.15\commons-codec-1.15.jar;C:\Users\hchauhan25\.m2\repository\org\apache\commons\commons-collections4\4.4\commons-collections4-4.4.jar;C:\Users\hchauhan25\.m2\repository\org\apache\commons\commons-math3\3.6.1\commons-math3-3.6.1.jar;C:\Users\hchauhan25\.m2\repository\commons-io\commons-io\2.11.0\commons-io-2.11.0.jar;C:\Users\hchauhan25\.m2\repository\com\zaxxer\SparseBitSet\1.2\SparseBitSet-1.2.jar;C:\Users\hchauhan25\.m2\repository\org\apache\poi\poi-ooxml\5.2.2\poi-ooxml-5.2.2.jar;C:\Users\hchauhan25\.m2\repository\org\apache\poi\poi-ooxml-lite\5.2.2\poi-ooxml-lite-5.2.2.jar;C:\Users\hchauhan25\.m2\repository\org\apache\xmlbeans\xmlbeans\5.0.3\xmlbeans-5.0.3.jar;C:\Users\hchauhan25\.m2\repository\org\apache\commons\commons-compress\1.21\commons-compress-1.21.jar;C:\Users\hchauhan25\.m2\repository\com\github\virtuald\curvesapi\1.07\curvesapi-1.07.jar;C:\Users\hchauhan25\.m2\repository\org\apache\logging\log4j\log4j-api\2.20.0\log4j-api-2.20.0.jar;C:\Users\hchauhan25\.m2\repository\org\apache\logging\log4j\log4j-core\2.20.0\log4j-core-2.20.0.jar;"/>
    <property name="sun.cpu.endian" value="little"/>
    <property name="user.home" value="C:\Users\hchauhan25"/>
    <property name="user.language" value="en"/>
    <property name="java.specification.vendor" value="Oracle Corporation"/>
    <property name="java.version.date" value="2023-01-17"/>
    <property name="java.home" value="C:\Program Files\Java\jdk-19"/>
    <property name="file.separator" value="\"/>
    <property name="basedir" value="C:\Users\hchauhan25\eclipse-workspace\RestAssuredFramework"/>
    <property name="java.vm.compressedOopsMode" value="Zero based"/>
    <property name="line.separator" value="&#10;"/>
    <property name="java.vm.specification.vendor" value="Oracle Corporation"/>
    <property name="java.specification.name" value="Java Platform API Specification"/>
    <property name="surefire.real.class.path" value="C:\Users\hchauhan25\AppData\Local\Temp\surefire16329393023128258723\surefirebooter-20231017191132864_3.jar"/>
    <property name="user.script" value=""/>
    <property name="sun.management.compiler" value="HotSpot 64-Bit Tiered Compilers"/>
    <property name="java.runtime.version" value="19.0.2+7-44"/>
    <property name="user.name" value="hchauhan25"/>
    <property name="stdout.encoding" value="Cp1252"/>
    <property name="path.separator" value=";"/>
    <property name="os.version" value="10.0"/>
    <property name="java.runtime.name" value="Java(TM) SE Runtime Environment"/>
    <property name="file.encoding" value="UTF-8"/>
    <property name="java.vm.name" value="Java HotSpot(TM) 64-Bit Server VM"/>
    <property name="localRepository" value="C:\Users\hchauhan25\.m2\repository"/>
    <property name="java.vendor.url.bug" value="https://bugreport.java.com/bugreport/"/>
    <property name="java.io.tmpdir" value="C:\Users\HCHAUH~1\AppData\Local\Temp\"/>
    <property name="java.version" value="19.0.2"/>
    <property name="user.dir" value="C:\Users\hchauhan25\eclipse-workspace\RestAssuredFramework"/>
    <property name="os.arch" value="amd64"/>
    <property name="java.vm.specification.name" value="Java Virtual Machine Specification"/>
    <property name="sun.os.patch.level" value=""/>
    <property name="native.encoding" value="Cp1252"/>
    <property name="java.library.path" value="C:\Program Files\Java\jdk-19\bin;C:\windows\Sun\Java\bin;C:\windows\system32;C:\windows;C:\Program Files\Common Files\Oracle\Java\javapath;C:\windows\system32;C:\windows;C:\windows\System32\Wbem;C:\windows\System32\WindowsPowerShell\v1.0\;C:\windows\System32\OpenSSH\;C:\Program Files (x86)\Symantec\VIP Access Client\;C:\Program Files (x86)\Pulse Secure\VC142.CRT\X64\;C:\Program Files (x86)\Pulse Secure\VC142.CRT\X86\;C:\Program Files (x86)\Micro Focus\LoadRunner\bin\Silk\Silk Performer 21.0;C:\strawberry\c\bin;C:\strawberry\perl\bin;C:\Program Files (x86)\Microsoft SQL Server\160\Tools\Binn\;C:\Program Files\Microsoft SQL Server\160\Tools\Binn\;C:\Program Files\Microsoft SQL Server\Client SDK\ODBC\170\Tools\Binn\;C:\Program Files\Microsoft SQL Server\160\DTS\Binn\;C:\Program Files (x86)\Microsoft SQL Server\160\DTS\Binn\;C:\Program Files\Azure Data Studio\bin;C:\Program Files\nodejs\;C:\Program Files\nodejs\node_modules;C:\Program Files\1E\Client\Extensibility\NomadBranch;C:\Program Files\Java\jre-1.8\bin;C:\apache-maven-3.9.5\bin;C:\Users\hchauhan25\AppData\Local\Microsoft\WindowsApps;C:\Program Files\Azure Data Studio\bin;C:\Users\hchauhan25\AppData\Roaming\npm;C:\Program Files\Java\jre-1.8;;."/>
    <property name="java.vm.info" value="mixed mode, sharing"/>
    <property name="stderr.encoding" value="Cp1252"/>
    <property name="java.vendor" value="Oracle Corporation"/>
    <property name="java.vm.version" value="19.0.2+7-44"/>
    <property name="sun.io.unicode.encoding" value="UnicodeLittle"/>
    <property name="java.class.version" value="63.0"/>
  </properties>
  <testcase name="CreateUserTC[11289001, harry@kane, Harry, Kane, Harrykane@spurs.com, H@K098, 8273657721, 1](1)" classname="api.test.DDTTestCase" time="2.65">
    <system-err><![CDATA[SLF4J: Failed to load class "org.slf4j.impl.StaticLoggerBinder".
SLF4J: Defaulting to no-operation (NOP) logger implementation
SLF4J: See http://www.slf4j.org/codes.html#StaticLoggerBinder for further details.
]]></system-err>
  </testcase>
  <testcase name="CreateUserTC[11289002, MarcusKing, Marcus, Rashford, MarcusK@Munited.com, M@K9123, 7986210917, 1](2)" classname="api.test.DDTTestCase" time="1.251"/>
  <testcase name="CreateUserTC[11289003, CR7Portugal, Cristiano, Ronaldo, RonaldoCR7@CR7.com, CR@7goat, 9876453291, 1](3)" classname="api.test.DDTTestCase" time="1.341"/>
  <testcase name="CreateUserTC[11289004, KobeyBryan, Kobey, Bryan, RipKobey@Bryan.com, KobeyKing, 8725671291, 1](4)" classname="api.test.DDTTestCase" time="1.402"/>
  <testcase name="CreateUserTC[11289005, MikeBoxer, Mike, Tyson, TysonMike@box.com, BoxMikeTy, 7665909012, 0](5)" classname="api.test.DDTTestCase" time="1.309"/>
  <testcase name="CreateUserTC[11289006, KingKohli, Virat, Kohli, ViratKolhi@711.com, ViratKolhi, 8273619918, 1](6)" classname="api.test.DDTTestCase" time="1.34"/>
  <testcase name="CreateUserTC[11289007, TheHitman, Rohit, Sharma, RohitSharma@MI.com, Vadapaw, 9897860021, 0](7)" classname="api.test.DDTTestCase" time="1.244"/>
  <testcase name="CreateUserTC[11289008, MrIPL, Suresh, Raina, Raina@CSK.com, YellowLove, 9126678901, 0](8)" classname="api.test.DDTTestCase" time="1.288"/>
  <testcase name="CreateUserTC[11289009, SuplaShot, Surya, Kumar Yadav, SKY@MI.com, SuplaSurya, 8789002090, 1](9)" classname="api.test.DDTTestCase" time="1.46"/>
  <testcase name="CreateUserTC[11289010, TheGoatWK, Mahendra, Dhoni, Mahi@CSK.com, Farmingislove, 9890765521, 0](10)" classname="api.test.DDTTestCase" time="1.415"/>
  <testcase name="CreateUserTC[11289011, JimmyJammy, Jimmy, Anderson, JimmyJ@ECB.com, Playtilllife, 6571209817, 0](11)" classname="api.test.DDTTestCase" time="1.364"/>
  <testcase name="CreateUserTC[11289012, PrinceGJ, Subhman, Gill, Shubh@GL.com, Saramylife, 7621239012, 1](12)" classname="api.test.DDTTestCase" time="1.374"/>
  <testcase name="CreateUserTC[11289013, SoftCushion, Neymar, Jr, NeymarJr@Alhilal.com, Rainbowking, 8276543300, 0](13)" classname="api.test.DDTTestCase" time="1.275"/>
  <testcase name="CreateUserTC[11289014, Ackerman, Sasha, Alexander, S1mple@Navi.com, Sasha01, 8090651101, 1](14)" classname="api.test.DDTTestCase" time="1.455"/>
  <testcase name="CreateUserTC[11289015, TheHM, Amit, Shah, HM@goi.com, Ilovemyindia, 8982567700, 1](15)" classname="api.test.DDTTestCase" time="1.379"/>
  <testcase name="CreateUserTC[11289016, DragonRider, Daneryns, Targaren, Theunburnt@GOT.com, Johnsnowiscute, 6712320115, 0](16)" classname="api.test.DDTTestCase" time="1.391"/>
  <testcase name="CreateUserTC[11289017, idontCheat, Steven, Smith, SteveSm@ACB.com, SrryMB, 8980030021, 1](17)" classname="api.test.DDTTestCase" time="1.34"/>
  <testcase name="CreateUserTC[11289018, Rock, Dwayne, Jhonson, Rock@WWE.com, rockBottom, 6214321241, 0](18)" classname="api.test.DDTTestCase" time="1.443"/>
  <testcase name="CreateUserTC[11289019, Namo, Narendra, Modi, Namo@BJP.com, Namo4Ind, 9021127616, 1](19)" classname="api.test.DDTTestCase" time="1.252"/>
  <testcase name="CreateUserTC[11289020, Batman, Bruce, Wayne, Bruceisrich@Gotham.com, BruceWay01, 9899999102, 1](20)" classname="api.test.DDTTestCase" time="1.278"/>
  <testcase name="GetUserTC[harry@kane](1)" classname="api.test.DDTTestCase" time="1.339"/>
  <testcase name="GetUserTC[MarcusKing](2)" classname="api.test.DDTTestCase" time="1.478"/>
  <testcase name="GetUserTC[CR7Portugal](3)" classname="api.test.DDTTestCase" time="1.339"/>
  <testcase name="GetUserTC[KobeyBryan](4)" classname="api.test.DDTTestCase" time="1.321"/>
  <testcase name="GetUserTC[MikeBoxer](5)" classname="api.test.DDTTestCase" time="1.345"/>
  <testcase name="GetUserTC[KingKohli](6)" classname="api.test.DDTTestCase" time="1.377"/>
  <testcase name="GetUserTC[TheHitman](7)" classname="api.test.DDTTestCase" time="1.234"/>
  <testcase name="GetUserTC[MrIPL](8)" classname="api.test.DDTTestCase" time="1.195"/>
  <testcase name="GetUserTC[SuplaShot](9)" classname="api.test.DDTTestCase" time="1.268"/>
  <testcase name="GetUserTC[TheGoatWK](10)" classname="api.test.DDTTestCase" time="1.306"/>
  <testcase name="GetUserTC[JimmyJammy](11)" classname="api.test.DDTTestCase" time="1.337"/>
  <testcase name="GetUserTC[PrinceGJ](12)" classname="api.test.DDTTestCase" time="1.454"/>
  <testcase name="GetUserTC[SoftCushion](13)" classname="api.test.DDTTestCase" time="1.24"/>
  <testcase name="GetUserTC[Ackerman](14)" classname="api.test.DDTTestCase" time="1.243"/>
  <testcase name="GetUserTC[TheHM](15)" classname="api.test.DDTTestCase" time="1.251"/>
  <testcase name="GetUserTC[DragonRider](16)" classname="api.test.DDTTestCase" time="2.557"/>
  <testcase name="GetUserTC[idontCheat](17)" classname="api.test.DDTTestCase" time="1.331"/>
  <testcase name="GetUserTC[Rock](18)" classname="api.test.DDTTestCase" time="1.396"/>
  <testcase name="GetUserTC[Namo](19)" classname="api.test.DDTTestCase" time="1.344"/>
  <testcase name="GetUserTC[Batman](20)" classname="api.test.DDTTestCase" time="1.814"/>
  <testcase name="DeleteUserTC[harry@kane](1)" classname="api.test.DDTTestCase" time="1.221"/>
  <testcase name="DeleteUserTC[MarcusKing](2)" classname="api.test.DDTTestCase" time="1.243"/>
  <testcase name="DeleteUserTC[CR7Portugal](3)" classname="api.test.DDTTestCase" time="1.433"/>
  <testcase name="DeleteUserTC[KobeyBryan](4)" classname="api.test.DDTTestCase" time="1.301"/>
  <testcase name="DeleteUserTC[MikeBoxer](5)" classname="api.test.DDTTestCase" time="1.563"/>
  <testcase name="DeleteUserTC[KingKohli](6)" classname="api.test.DDTTestCase" time="1.416"/>
  <testcase name="DeleteUserTC[TheHitman](7)" classname="api.test.DDTTestCase" time="1.291"/>
  <testcase name="DeleteUserTC[MrIPL](8)" classname="api.test.DDTTestCase" time="1.358"/>
  <testcase name="DeleteUserTC[SuplaShot](9)" classname="api.test.DDTTestCase" time="1.348"/>
  <testcase name="DeleteUserTC[TheGoatWK](10)" classname="api.test.DDTTestCase" time="1.246"/>
  <testcase name="DeleteUserTC[JimmyJammy](11)" classname="api.test.DDTTestCase" time="1.338"/>
  <testcase name="DeleteUserTC[PrinceGJ](12)" classname="api.test.DDTTestCase" time="1.361"/>
  <testcase name="DeleteUserTC[SoftCushion](13)" classname="api.test.DDTTestCase" time="1.353"/>
  <testcase name="DeleteUserTC[Ackerman](14)" classname="api.test.DDTTestCase" time="1.471"/>
  <testcase name="DeleteUserTC[TheHM](15)" classname="api.test.DDTTestCase" time="1.4"/>
  <testcase name="DeleteUserTC[DragonRider](16)" classname="api.test.DDTTestCase" time="1.289"/>
  <testcase name="DeleteUserTC[idontCheat](17)" classname="api.test.DDTTestCase" time="1.242"/>
  <testcase name="DeleteUserTC[Rock](18)" classname="api.test.DDTTestCase" time="1.451"/>
  <testcase name="DeleteUserTC[Namo](19)" classname="api.test.DDTTestCase" time="1.735"/>
  <testcase name="DeleteUserTC[Batman](20)" classname="api.test.DDTTestCase" time="1.356"/>
</testsuite>