<?xml version="1.0" encoding="UTF-8"?>
<!-- Generated by org.testng.reporters.JUnitReportReporter -->
<testsuite hostname="IN-G7HFZH3" failures="0" tests="60" name="api.test.DDTTestCase" time="76.626" errors="0" timestamp="2023-10-17T14:02:21 IST" skipped="0">
  <testcase classname="api.test.DDTTestCase" name="CreateUserTC" time="1.205"/>
  <system-out/>
  <testcase classname="api.test.DDTTestCase" name="CreateUserTC" time="1.314"/>
  <system-out/>
  <testcase classname="api.test.DDTTestCase" name="CreateUserTC" time="1.221"/>
  <system-out/>
  <testcase classname="api.test.DDTTestCase" name="CreateUserTC" time="1.285"/>
  <system-out/>
  <testcase classname="api.test.DDTTestCase" name="CreateUserTC" time="1.200"/>
  <system-out/>
  <testcase classname="api.test.DDTTestCase" name="CreateUserTC" time="1.272"/>
  <system-out/>
  <testcase classname="api.test.DDTTestCase" name="CreateUserTC" time="2.675"/>
  <system-out/>
  <testcase classname="api.test.DDTTestCase" name="CreateUserTC" time="1.222"/>
  <system-out/>
  <testcase classname="api.test.DDTTestCase" name="CreateUserTC" time="1.335"/>
  <system-out/>
  <testcase classname="api.test.DDTTestCase" name="CreateUserTC" time="1.404"/>
  <system-out/>
  <testcase classname="api.test.DDTTestCase" name="CreateUserTC" time="1.260"/>
  <system-out/>
  <testcase classname="api.test.DDTTestCase" name="CreateUserTC" time="1.180"/>
  <system-out/>
  <testcase classname="api.test.DDTTestCase" name="CreateUserTC" time="1.280"/>
  <system-out/>
  <testcase classname="api.test.DDTTestCase" name="CreateUserTC" time="1.261"/>
  <system-out/>
  <testcase classname="api.test.DDTTestCase" name="CreateUserTC" time="1.197"/>
  <system-out/>
  <testcase classname="api.test.DDTTestCase" name="CreateUserTC" time="1.373"/>
  <system-out/>
  <testcase classname="api.test.DDTTestCase" name="CreateUserTC" time="1.250"/>
  <system-out/>
  <testcase classname="api.test.DDTTestCase" name="CreateUserTC" time="1.301"/>
  <system-out/>
  <testcase classname="api.test.DDTTestCase" name="CreateUserTC" time="1.269"/>
  <system-out/>
  <testcase classname="api.test.DDTTestCase" name="CreateUserTC" time="1.178"/>
  <system-out/>
  <testcase classname="api.test.DDTTestCase" name="GetUserTC" time="1.292"/>
  <system-out/>
  <testcase classname="api.test.DDTTestCase" name="GetUserTC" time="1.220"/>
  <system-out/>
  <testcase classname="api.test.DDTTestCase" name="GetUserTC" time="1.296"/>
  <system-out/>
  <testcase classname="api.test.DDTTestCase" name="GetUserTC" time="1.245"/>
  <system-out/>
  <testcase classname="api.test.DDTTestCase" name="GetUserTC" time="1.292"/>
  <system-out/>
  <testcase classname="api.test.DDTTestCase" name="GetUserTC" time="1.250"/>
  <system-out/>
  <testcase classname="api.test.DDTTestCase" name="GetUserTC" time="1.278"/>
  <system-out/>
  <testcase classname="api.test.DDTTestCase" name="GetUserTC" time="1.204"/>
  <system-out/>
  <testcase classname="api.test.DDTTestCase" name="GetUserTC" time="1.286"/>
  <system-out/>
  <testcase classname="api.test.DDTTestCase" name="GetUserTC" time="1.224"/>
  <system-out/>
  <testcase classname="api.test.DDTTestCase" name="GetUserTC" time="1.238"/>
  <system-out/>
  <testcase classname="api.test.DDTTestCase" name="GetUserTC" time="1.223"/>
  <system-out/>
  <testcase classname="api.test.DDTTestCase" name="GetUserTC" time="1.259"/>
  <system-out/>
  <testcase classname="api.test.DDTTestCase" name="GetUserTC" time="1.390"/>
  <system-out/>
  <testcase classname="api.test.DDTTestCase" name="GetUserTC" time="1.319"/>
  <system-out/>
  <testcase classname="api.test.DDTTestCase" name="GetUserTC" time="1.255"/>
  <system-out/>
  <testcase classname="api.test.DDTTestCase" name="GetUserTC" time="1.294"/>
  <system-out/>
  <testcase classname="api.test.DDTTestCase" name="GetUserTC" time="1.186"/>
  <system-out/>
  <testcase classname="api.test.DDTTestCase" name="GetUserTC" time="1.181"/>
  <system-out/>
  <testcase classname="api.test.DDTTestCase" name="GetUserTC" time="1.229"/>
  <system-out/>
  <testcase classname="api.test.DDTTestCase" name="DeleteUserTC" time="1.181"/>
  <system-out/>
  <testcase classname="api.test.DDTTestCase" name="DeleteUserTC" time="1.184"/>
  <system-out/>
  <testcase classname="api.test.DDTTestCase" name="DeleteUserTC" time="1.192"/>
  <system-out/>
  <testcase classname="api.test.DDTTestCase" name="DeleteUserTC" time="1.247"/>
  <system-out/>
  <testcase classname="api.test.DDTTestCase" name="DeleteUserTC" time="1.306"/>
  <system-out/>
  <testcase classname="api.test.DDTTestCase" name="DeleteUserTC" time="1.250"/>
  <system-out/>
  <testcase classname="api.test.DDTTestCase" name="DeleteUserTC" time="1.288"/>
  <system-out/>
  <testcase classname="api.test.DDTTestCase" name="DeleteUserTC" time="1.245"/>
  <system-out/>
  <testcase classname="api.test.DDTTestCase" name="DeleteUserTC" time="1.246"/>
  <system-out/>
  <testcase classname="api.test.DDTTestCase" name="DeleteUserTC" time="1.187"/>
  <system-out/>
  <testcase classname="api.test.DDTTestCase" name="DeleteUserTC" time="1.280"/>
  <system-out/>
  <testcase classname="api.test.DDTTestCase" name="DeleteUserTC" time="1.200"/>
  <system-out/>
  <testcase classname="api.test.DDTTestCase" name="DeleteUserTC" time="1.219"/>
  <system-out/>
  <testcase classname="api.test.DDTTestCase" name="DeleteUserTC" time="1.191"/>
  <system-out/>
  <testcase classname="api.test.DDTTestCase" name="DeleteUserTC" time="1.346"/>
  <system-out/>
  <testcase classname="api.test.DDTTestCase" name="DeleteUserTC" time="1.253"/>
  <system-out/>
  <testcase classname="api.test.DDTTestCase" name="DeleteUserTC" time="1.260"/>
  <system-out/>
  <testcase classname="api.test.DDTTestCase" name="DeleteUserTC" time="1.237"/>
  <system-out/>
  <testcase classname="api.test.DDTTestCase" name="DeleteUserTC" time="1.180"/>
  <system-out/>
  <testcase classname="api.test.DDTTestCase" name="DeleteUserTC" time="1.291"/>
  <system-out/>
</testsuite> <!-- api.test.DDTTestCase -->
