<?xml version="1.0" encoding="UTF-8"?>
<!-- Generated by org.testng.reporters.JUnitReportReporter -->
<testsuite hostname="IN-G7HFZH3" failures="0" tests="1" name="testPackage.TestClass" time="2.138" errors="0" timestamp="2023-10-17T19:10:42 IST" skipped="0">
  <testcase classname="testPackage.TestClass" name="getUser" time="2.138"/>
  <system-out/>
</testsuite> <!-- testPackage.TestClass -->
