<?xml version="1.0" encoding="UTF-8"?>
<!-- Generated by org.testng.reporters.JUnitReportReporter -->
<testsuite hostname="IN-G7HFZH3" failures="0" tests="4" name="api.test.UserTests" time="6.433" errors="0" timestamp="2023-10-17T13:32:25 IST" skipped="0">
  <testcase classname="api.test.UserTests" name="TestUserModuleCreate" time="1.564"/>
  <system-out/>
  <testcase classname="api.test.UserTests" name="TestUserModuleRead" time="1.218"/>
  <system-out/>
  <testcase classname="api.test.UserTests" name="TestUserModuleUpdate" time="2.468"/>
  <system-out/>
  <testcase classname="api.test.UserTests" name="TestUserModuleDelete" time="1.183"/>
  <system-out/>
</testsuite> <!-- api.test.UserTests -->
