<?xml version="1.0" encoding="UTF-8"?>
<!-- Generated by org.testng.reporters.JUnitReportReporter -->
<testsuite hostname="IN-G7HFZH3" failures="0" tests="1" name="api.test.PetTests" time="3.621" errors="0" timestamp="2023-10-17T13:32:25 IST" skipped="0">
  <testcase classname="api.test.PetTests" name="TestPetModule" time="3.621"/>
  <system-out/>
</testsuite> <!-- api.test.PetTests -->
