<?xml version="1.0" encoding="UTF-8"?>
<!-- Generated by org.testng.reporters.JUnitReportReporter -->
<testsuite hostname="IN-G7HFZH3" failures="0" tests="1" name="api.test.StoreTests" time="1.308" errors="0" timestamp="2023-10-17T13:32:25 IST" skipped="0">
  <testcase classname="api.test.StoreTests" name="TestStoreModuleGetInventory" time="1.308"/>
  <system-out/>
</testsuite> <!-- api.test.StoreTests -->
