<?xml version="1.0" encoding="UTF-8"?>
<!-- Generated by org.testng.reporters.JUnitReportReporter -->
<testsuite hostname="IN-G7HFZH3" failures="0" tests="60" name="api.test.DDTTestCase" time="74.276" errors="0" timestamp="2023-10-19T00:11:33 IST" skipped="0">
  <testcase classname="api.test.DDTTestCase" name="CreateUserTC" time="1.194"/>
  <system-out/>
  <testcase classname="api.test.DDTTestCase" name="CreateUserTC" time="1.235"/>
  <system-out/>
  <testcase classname="api.test.DDTTestCase" name="CreateUserTC" time="1.177"/>
  <system-out/>
  <testcase classname="api.test.DDTTestCase" name="CreateUserTC" time="1.170"/>
  <system-out/>
  <testcase classname="api.test.DDTTestCase" name="CreateUserTC" time="1.317"/>
  <system-out/>
  <testcase classname="api.test.DDTTestCase" name="CreateUserTC" time="1.227"/>
  <system-out/>
  <testcase classname="api.test.DDTTestCase" name="CreateUserTC" time="1.185"/>
  <system-out/>
  <testcase classname="api.test.DDTTestCase" name="CreateUserTC" time="1.226"/>
  <system-out/>
  <testcase classname="api.test.DDTTestCase" name="CreateUserTC" time="1.217"/>
  <system-out/>
  <testcase classname="api.test.DDTTestCase" name="CreateUserTC" time="1.196"/>
  <system-out/>
  <testcase classname="api.test.DDTTestCase" name="CreateUserTC" time="1.219"/>
  <system-out/>
  <testcase classname="api.test.DDTTestCase" name="CreateUserTC" time="1.229"/>
  <system-out/>
  <testcase classname="api.test.DDTTestCase" name="CreateUserTC" time="1.195"/>
  <system-out/>
  <testcase classname="api.test.DDTTestCase" name="CreateUserTC" time="2.440"/>
  <system-out/>
  <testcase classname="api.test.DDTTestCase" name="CreateUserTC" time="1.185"/>
  <system-out/>
  <testcase classname="api.test.DDTTestCase" name="CreateUserTC" time="1.201"/>
  <system-out/>
  <testcase classname="api.test.DDTTestCase" name="CreateUserTC" time="1.240"/>
  <system-out/>
  <testcase classname="api.test.DDTTestCase" name="CreateUserTC" time="1.225"/>
  <system-out/>
  <testcase classname="api.test.DDTTestCase" name="CreateUserTC" time="1.263"/>
  <system-out/>
  <testcase classname="api.test.DDTTestCase" name="CreateUserTC" time="1.219"/>
  <system-out/>
  <testcase classname="api.test.DDTTestCase" name="GetUserTC" time="1.320"/>
  <system-out/>
  <testcase classname="api.test.DDTTestCase" name="GetUserTC" time="1.189"/>
  <system-out/>
  <testcase classname="api.test.DDTTestCase" name="GetUserTC" time="1.185"/>
  <system-out/>
  <testcase classname="api.test.DDTTestCase" name="GetUserTC" time="1.235"/>
  <system-out/>
  <testcase classname="api.test.DDTTestCase" name="GetUserTC" time="1.239"/>
  <system-out/>
  <testcase classname="api.test.DDTTestCase" name="GetUserTC" time="1.212"/>
  <system-out/>
  <testcase classname="api.test.DDTTestCase" name="GetUserTC" time="1.170"/>
  <system-out/>
  <testcase classname="api.test.DDTTestCase" name="GetUserTC" time="1.218"/>
  <system-out/>
  <testcase classname="api.test.DDTTestCase" name="GetUserTC" time="1.214"/>
  <system-out/>
  <testcase classname="api.test.DDTTestCase" name="GetUserTC" time="1.207"/>
  <system-out/>
  <testcase classname="api.test.DDTTestCase" name="GetUserTC" time="1.167"/>
  <system-out/>
  <testcase classname="api.test.DDTTestCase" name="GetUserTC" time="1.275"/>
  <system-out/>
  <testcase classname="api.test.DDTTestCase" name="GetUserTC" time="1.212"/>
  <system-out/>
  <testcase classname="api.test.DDTTestCase" name="GetUserTC" time="1.219"/>
  <system-out/>
  <testcase classname="api.test.DDTTestCase" name="GetUserTC" time="1.212"/>
  <system-out/>
  <testcase classname="api.test.DDTTestCase" name="GetUserTC" time="1.223"/>
  <system-out/>
  <testcase classname="api.test.DDTTestCase" name="GetUserTC" time="1.195"/>
  <system-out/>
  <testcase classname="api.test.DDTTestCase" name="GetUserTC" time="1.200"/>
  <system-out/>
  <testcase classname="api.test.DDTTestCase" name="GetUserTC" time="1.245"/>
  <system-out/>
  <testcase classname="api.test.DDTTestCase" name="GetUserTC" time="1.240"/>
  <system-out/>
  <testcase classname="api.test.DDTTestCase" name="DeleteUserTC" time="1.190"/>
  <system-out/>
  <testcase classname="api.test.DDTTestCase" name="DeleteUserTC" time="1.194"/>
  <system-out/>
  <testcase classname="api.test.DDTTestCase" name="DeleteUserTC" time="1.226"/>
  <system-out/>
  <testcase classname="api.test.DDTTestCase" name="DeleteUserTC" time="1.241"/>
  <system-out/>
  <testcase classname="api.test.DDTTestCase" name="DeleteUserTC" time="1.212"/>
  <system-out/>
  <testcase classname="api.test.DDTTestCase" name="DeleteUserTC" time="1.186"/>
  <system-out/>
  <testcase classname="api.test.DDTTestCase" name="DeleteUserTC" time="1.190"/>
  <system-out/>
  <testcase classname="api.test.DDTTestCase" name="DeleteUserTC" time="1.236"/>
  <system-out/>
  <testcase classname="api.test.DDTTestCase" name="DeleteUserTC" time="1.274"/>
  <system-out/>
  <testcase classname="api.test.DDTTestCase" name="DeleteUserTC" time="1.225"/>
  <system-out/>
  <testcase classname="api.test.DDTTestCase" name="DeleteUserTC" time="1.214"/>
  <system-out/>
  <testcase classname="api.test.DDTTestCase" name="DeleteUserTC" time="1.221"/>
  <system-out/>
  <testcase classname="api.test.DDTTestCase" name="DeleteUserTC" time="1.217"/>
  <system-out/>
  <testcase classname="api.test.DDTTestCase" name="DeleteUserTC" time="1.209"/>
  <system-out/>
  <testcase classname="api.test.DDTTestCase" name="DeleteUserTC" time="1.200"/>
  <system-out/>
  <testcase classname="api.test.DDTTestCase" name="DeleteUserTC" time="1.241"/>
  <system-out/>
  <testcase classname="api.test.DDTTestCase" name="DeleteUserTC" time="1.234"/>
  <system-out/>
  <testcase classname="api.test.DDTTestCase" name="DeleteUserTC" time="1.186"/>
  <system-out/>
  <testcase classname="api.test.DDTTestCase" name="DeleteUserTC" time="1.208"/>
  <system-out/>
  <testcase classname="api.test.DDTTestCase" name="DeleteUserTC" time="1.235"/>
  <system-out/>
</testsuite> <!-- api.test.DDTTestCase -->
